<?xml version="1.0" encoding="UTF-8"?>
<testng-results ignored="0" total="1" passed="1" failed="0" skipped="0">
  <reporter-output>
  </reporter-output>
  <suite started-at="2025-06-15T13:54:03 IST" name="Default suite" finished-at="2025-06-15T13:54:14 IST" duration-ms="10171">
    <groups>
    </groups>
    <test started-at="2025-06-15T13:54:03 IST" name="Default test" finished-at="2025-06-15T13:54:14 IST" duration-ms="10171">
      <class name="com.cdac.testing.OrangeHRMLoginTest">
        <test-method is-config="true" signature="setUp()[pri:0, instance:com.cdac.testing.OrangeHRMLoginTest@418c5a9c]" started-at="2025-06-15T13:54:04 IST" name="setUp" finished-at="2025-06-15T13:54:05 IST" duration-ms="1878" status="PASS">
          <reporter-output>
          </reporter-output>
        </test-method> <!-- setUp -->
        <test-method signature="testLogin()[pri:0, instance:com.cdac.testing.OrangeHRMLoginTest@418c5a9c]" started-at="2025-06-15T13:54:05 IST" name="testLogin" finished-at="2025-06-15T13:54:13 IST" duration-ms="8061" status="PASS">
          <reporter-output>
          </reporter-output>
        </test-method> <!-- testLogin -->
        <test-method is-config="true" signature="tearDown()[pri:0, instance:com.cdac.testing.OrangeHRMLoginTest@418c5a9c]" started-at="2025-06-15T13:54:13 IST" name="tearDown" finished-at="2025-06-15T13:54:14 IST" duration-ms="181" status="PASS">
          <reporter-output>
          </reporter-output>
        </test-method> <!-- tearDown -->
      </class> <!-- com.cdac.testing.OrangeHRMLoginTest -->
    </test> <!-- Default test -->
  </suite> <!-- Default suite -->
</testng-results>
